2021-12-11 17:18:39.133  WARN 15272 --- [HikariPool-1 housekeeper] com.zaxxer.hikari.pool.HikariPool        : HikariPool-1 - Thread starvation or clock leap detected (housekeeper delta=21h19m15s577ms794µs300ns).
2021-12-11 17:18:40.619  INFO 15272 --- [scheduling-1] c.e.d.t.e.s.service.StockServiceImpl     : Attention Qte < QteMin
2021-12-11 19:24:15.681  INFO 15272 --- [SpringApplicationShutdownHook] j.LocalContainerEntityManagerFactoryBean : Closing JPA EntityManagerFactory for persistence unit 'default'
2021-12-11 19:24:15.695  INFO 15272 --- [SpringApplicationShutdownHook] com.zaxxer.hikari.HikariDataSource       : HikariPool-1 - Shutdown initiated...
2021-12-11 19:24:15.716  INFO 15272 --- [SpringApplicationShutdownHook] com.zaxxer.hikari.HikariDataSource       : HikariPool-1 - Shutdown completed.
2021-12-11 23:39:01.508  INFO 23692 --- [main] com.example.demo.DemoApplication         : Starting DemoApplication using Java 1.8.0_60 on LAPTOP-VDKLVIKF with PID 23692 (C:\Users\speak\Java\demo\target\classes started by speak in C:\Users\speak\Java\demo)
2021-12-11 23:39:01.516 DEBUG 23692 --- [main] com.example.demo.DemoApplication         : Running with Spring Boot v2.5.5, Spring v5.3.10
2021-12-11 23:39:01.516  INFO 23692 --- [main] com.example.demo.DemoApplication         : No active profile set, falling back to default profiles: default
2021-12-11 23:39:03.700  INFO 23692 --- [main] .s.d.r.c.RepositoryConfigurationDelegate : Bootstrapping Spring Data JPA repositories in DEFAULT mode.
2021-12-11 23:39:03.889  INFO 23692 --- [main] .s.d.r.c.RepositoryConfigurationDelegate : Finished Spring Data repository scanning in 165 ms. Found 8 JPA repository interfaces.
2021-12-11 23:39:05.009  INFO 23692 --- [main] o.s.b.w.embedded.tomcat.TomcatWebServer  : Tomcat initialized with port(s): 8081 (http)
2021-12-11 23:39:05.046  INFO 23692 --- [main] o.apache.catalina.core.StandardService   : Starting service [Tomcat]
2021-12-11 23:39:05.047  INFO 23692 --- [main] org.apache.catalina.core.StandardEngine  : Starting Servlet engine: [Apache Tomcat/9.0.53]
2021-12-11 23:39:05.273  INFO 23692 --- [main] o.a.c.c.C.[Tomcat].[localhost].[/]       : Initializing Spring embedded WebApplicationContext
2021-12-11 23:39:05.274  INFO 23692 --- [main] w.s.c.ServletWebServerApplicationContext : Root WebApplicationContext: initialization completed in 3665 ms
2021-12-11 23:39:05.619  INFO 23692 --- [main] o.hibernate.jpa.internal.util.LogHelper  : HHH000204: Processing PersistenceUnitInfo [name: default]
2021-12-11 23:39:05.717  INFO 23692 --- [main] org.hibernate.Version                    : HHH000412: Hibernate ORM core version 5.4.32.Final
2021-12-11 23:39:05.960  INFO 23692 --- [main] o.hibernate.annotations.common.Version   : HCANN000001: Hibernate Commons Annotations {5.1.2.Final}
2021-12-11 23:39:06.353  INFO 23692 --- [main] com.zaxxer.hikari.HikariDataSource       : HikariPool-1 - Starting...
2021-12-11 23:39:06.639  INFO 23692 --- [main] com.zaxxer.hikari.HikariDataSource       : HikariPool-1 - Start completed.
2021-12-11 23:39:06.665  INFO 23692 --- [main] org.hibernate.dialect.Dialect            : HHH000400: Using dialect: org.hibernate.dialect.MySQL5Dialect
2021-12-11 23:39:08.384  INFO 23692 --- [main] o.h.e.t.j.p.i.JtaPlatformInitiator       : HHH000490: Using JtaPlatform implementation: [org.hibernate.engine.transaction.jta.platform.internal.NoJtaPlatform]
2021-12-11 23:39:08.405  INFO 23692 --- [main] j.LocalContainerEntityManagerFactoryBean : Initialized JPA EntityManagerFactory for persistence unit 'default'
2021-12-11 23:39:09.788  WARN 23692 --- [main] JpaBaseConfiguration$JpaWebConfiguration : spring.jpa.open-in-view is enabled by default. Therefore, database queries may be performed during view rendering. Explicitly configure spring.jpa.open-in-view to disable this warning
2021-12-11 23:39:10.699  INFO 23692 --- [main] o.s.b.w.embedded.tomcat.TomcatWebServer  : Tomcat started on port(s): 8081 (http) with context path ''
2021-12-11 23:39:11.459  INFO 23692 --- [main] com.example.demo.DemoApplication         : Started DemoApplication in 10.959 seconds (JVM running for 14.45)
2021-12-11 23:39:27.263  INFO 23692 --- [SpringApplicationShutdownHook] j.LocalContainerEntityManagerFactoryBean : Closing JPA EntityManagerFactory for persistence unit 'default'
2021-12-11 23:39:27.269  INFO 23692 --- [SpringApplicationShutdownHook] com.zaxxer.hikari.HikariDataSource       : HikariPool-1 - Shutdown initiated...
2021-12-11 23:39:27.284  INFO 23692 --- [SpringApplicationShutdownHook] com.zaxxer.hikari.HikariDataSource       : HikariPool-1 - Shutdown completed.
